0 info it worked if it ends with ok
1 verbose cli [ '/Users/gianmarcotoso/.nvm/versions/node/v4.2.4/bin/node',
1 verbose cli   '/Users/gianmarcotoso/.nvm/versions/node/v4.2.4/bin/npm',
1 verbose cli   'start' ]
2 info using npm@3.7.0
3 info using node@v4.2.4
4 verbose run-script [ 'prestart', 'start', 'poststart' ]
5 info lifecycle redux-seed@0.1.0~prestart: redux-seed@0.1.0
6 silly lifecycle redux-seed@0.1.0~prestart: no script for prestart, continuing
7 info lifecycle redux-seed@0.1.0~start: redux-seed@0.1.0
8 verbose lifecycle redux-seed@0.1.0~start: unsafe-perm in lifecycle true
9 verbose lifecycle redux-seed@0.1.0~start: PATH: /Users/gianmarcotoso/.nvm/versions/node/v4.2.4/lib/node_modules/npm/bin/node-gyp-bin:/Users/gianmarcotoso/Developer/Projects/redux-seed/node_modules/.bin:/Users/gianmarcotoso/.nvm/versions/node/v4.2.4/bin:/Users/gianmarcotoso/.nvm/versions/node/v4.2.4/bin:/usr/local/bin:/usr/bin:/bin:/usr/sbin:/sbin:/opt/X11/bin
10 verbose lifecycle redux-seed@0.1.0~start: CWD: /Users/gianmarcotoso/Developer/Projects/redux-seed
11 silly lifecycle redux-seed@0.1.0~start: Args: [ '-c',
11 silly lifecycle   'NODE_ENV=development webpack-dev-server --inline --hot --history-api-fallback' ]
12 silly lifecycle redux-seed@0.1.0~start: Returned: code: 1  signal: null
13 info lifecycle redux-seed@0.1.0~start: Failed to exec start script
14 verbose stack Error: redux-seed@0.1.0 start: `NODE_ENV=development webpack-dev-server --inline --hot --history-api-fallback`
14 verbose stack Exit status 1
14 verbose stack     at EventEmitter.<anonymous> (/Users/gianmarcotoso/.nvm/versions/node/v4.2.4/lib/node_modules/npm/lib/utils/lifecycle.js:239:16)
14 verbose stack     at emitTwo (events.js:87:13)
14 verbose stack     at EventEmitter.emit (events.js:172:7)
14 verbose stack     at ChildProcess.<anonymous> (/Users/gianmarcotoso/.nvm/versions/node/v4.2.4/lib/node_modules/npm/lib/utils/spawn.js:24:14)
14 verbose stack     at emitTwo (events.js:87:13)
14 verbose stack     at ChildProcess.emit (events.js:172:7)
14 verbose stack     at maybeClose (internal/child_process.js:818:16)
14 verbose stack     at Process.ChildProcess._handle.onexit (internal/child_process.js:211:5)
15 verbose pkgid redux-seed@0.1.0
16 verbose cwd /Users/gianmarcotoso/Developer/Projects/redux-seed
17 error Darwin 15.5.0
18 error argv "/Users/gianmarcotoso/.nvm/versions/node/v4.2.4/bin/node" "/Users/gianmarcotoso/.nvm/versions/node/v4.2.4/bin/npm" "start"
19 error node v4.2.4
20 error npm  v3.7.0
21 error code ELIFECYCLE
22 error redux-seed@0.1.0 start: `NODE_ENV=development webpack-dev-server --inline --hot --history-api-fallback`
22 error Exit status 1
23 error Failed at the redux-seed@0.1.0 start script 'NODE_ENV=development webpack-dev-server --inline --hot --history-api-fallback'.
23 error Make sure you have the latest version of node.js and npm installed.
23 error If you do, this is most likely a problem with the redux-seed package,
23 error not with npm itself.
23 error Tell the author that this fails on your system:
23 error     NODE_ENV=development webpack-dev-server --inline --hot --history-api-fallback
23 error You can get information on how to open an issue for this project with:
23 error     npm bugs redux-seed
23 error Or if that isn't available, you can get their info via:
23 error     npm owner ls redux-seed
23 error There is likely additional logging output above.
24 verbose exit [ 1, true ]
